<?xml version="1.0" encoding="utf-8"?><testsuites name="pytest tests"><testsuite name="pytest" errors="0" failures="0" skipped="0" tests="94" time="11.050" timestamp="2026-09-11T10:15:25.651767-07:00" hostname="Mac.attlocal.net"><testcase classname="backend.tests.test_ligand_identity" name="test_retained_fixture_hashes_match_source_provenance" time="0.000" /><testcase classname="backend.tests.test_ligand_identity" name="test_graph_only_baseline_reproduces_6dbk_failure_and_four_wrong_impropers" time="0.096" /><testcase classname="backend.tests.test_ligand_identity" name="test_verified_identity_matches_all_native_terms_and_three_pose_energies_forces" time="0.016" /><testcase classname="backend.tests.test_ligand_identity" name="test_production_conversion_check_preserves_strict_tolerances" time="0.012" /><testcase classname="backend.tests.test_ligand_identity" name="test_corrupted_numeric_parameters_still_fail_native_conversion_check" time="0.010" /><testcase classname="backend.tests.test_ligand_identity" name="test_reordered_atoms_and_bonds_keep_native_parameter_identity" time="0.015" /><testcase classname="backend.tests.test_ligand_identity" name="test_mismatched_runtime_identity_or_connectivity_fails_closed[name]" time="0.006" /><testcase classname="backend.tests.test_ligand_identity" name="test_mismatched_runtime_identity_or_connectivity_fails_closed[duplicate-name]" time="0.007" /><testcase classname="backend.tests.test_ligand_identity" name="test_mismatched_runtime_identity_or_connectivity_fails_closed[element]" time="0.006" /><testcase classname="backend.tests.test_ligand_identity" name="test_mismatched_runtime_identity_or_connectivity_fails_closed[missing-bond]" time="0.007" /><testcase classname="backend.tests.test_ligand_identity" name="test_mismatched_runtime_identity_or_connectivity_fails_closed[external-bond]" time="0.007" /><testcase classname="backend.tests.test_ligand_identity" name="test_incomplete_or_ambiguous_provenance_fails_closed[duplicate-residue]" time="0.007" /><testcase classname="backend.tests.test_ligand_identity" name="test_incomplete_or_ambiguous_provenance_fails_closed[duplicate-template-atom]" time="0.007" /><testcase classname="backend.tests.test_ligand_identity" name="test_incomplete_or_ambiguous_provenance_fails_closed[duplicate-native-index]" time="0.007" /><testcase classname="backend.tests.test_ligand_identity" name="test_incomplete_or_ambiguous_provenance_fails_closed[swapped-native-indices]" time="0.006" /><testcase classname="backend.tests.test_ligand_identity" name="test_incomplete_or_ambiguous_provenance_fails_closed[swapped-template-names]" time="0.006" /><testcase classname="backend.tests.test_ligand_identity" name="test_incomplete_or_ambiguous_provenance_fails_closed[boolean-index]" time="0.006" /><testcase classname="backend.tests.test_ligand_identity" name="test_incomplete_or_ambiguous_provenance_fails_closed[missing-field]" time="0.007" /><testcase classname="backend.tests.test_ligand_identity" name="test_incomplete_or_ambiguous_provenance_fails_closed[missing-atom]" time="0.006" /><testcase classname="backend.tests.test_ligand_identity" name="test_template_selection_cannot_bypass_missing_identity_binding[automatic-selection]" time="0.005" /><testcase classname="backend.tests.test_ligand_identity" name="test_template_selection_cannot_bypass_missing_identity_binding[explicit-selection]" time="0.006" /><testcase classname="backend.tests.test_ligand_identity" name="test_explicit_template_selection_preserves_the_recorded_atom_map" time="0.015" /><testcase classname="backend.tests.test_ligand_identity" name="test_modeller_keeps_existing_ligand_hydrogens_and_parameter_identity" time="0.015" /><testcase classname="backend.tests.test_ligand_identity" name="test_factory_and_pdb_reload_preserve_renamed_prepared_atom_identity[all-atom-map]" time="0.040" /><testcase classname="backend.tests.test_ligand_identity" name="test_factory_and_pdb_reload_preserve_renamed_prepared_atom_identity[verified-legacy-map]" time="0.025" /><testcase classname="backend.tests.test_ligand_identity" name="test_two_ligand_copies_keep_separate_residue_identity_maps" time="0.018" /><testcase classname="backend.tests.test_ligand_identity" name="test_factory_rejects_missing_all_atom_and_unprovable_legacy_binding" time="0.008" /><testcase classname="backend.tests.test_ligands" name="test_smiles_source_charge_and_bound_pose_preserved" time="0.055" /><testcase classname="backend.tests.test_ligands" name="test_hydrogen_only_relaxation_preserves_bound_heavy_atoms" time="0.001" /><testcase classname="backend.tests.test_ligands" name="test_ph_heuristic_preserves_amide_charge_and_bound_stereotags" time="0.004" /><testcase classname="backend.tests.test_ligands" name="test_opposite_stereo_override_is_rejected" time="0.001" /><testcase classname="backend.tests.test_ligands" name="test_unknown_pdb_override_requires_unique_or_explicit_mapping" time="0.007" /><testcase classname="backend.tests.test_ligands" name="test_charge_normalization_rejects_unexplained_residual" time="0.001" /><testcase classname="backend.tests.test_ligands" name="test_native_gaff2_xml_equivalence_and_combined_templates" time="1.026" /><testcase classname="backend.tests.test_ligands" name="test_native_prepared_atoms_survive_openmm_hydrogen_assignment" time="0.579" /><testcase classname="backend.tests.test_ligands" name="test_ez_override_mismatch_rejected" time="0.001" /><testcase classname="backend.tests.test_ligands" name="test_ambiguous_state_override_rejected" time="0.001" /><testcase classname="backend.tests.test_ligands" name="test_list_valued_legacy_ancestry_inspects" time="0.005" /><testcase classname="backend.tests.test_ligands" name="test_original_pdb_link_blocks_covalent_ligand" time="0.004" /><testcase classname="backend.tests.test_ligands" name="test_identical_copies_keep_parameter_source_and_individual_provenance" time="0.507" /><testcase classname="backend.tests.test_prepared_system" name="test_bundle_copies_native_artifacts_and_rejects_modified_parameters" time="0.002" /><testcase classname="backend.tests.test_prepared_system" name="test_parameter_paths_cannot_escape_bundle[../outside.xml]" time="0.001" /><testcase classname="backend.tests.test_prepared_system" name="test_parameter_paths_cannot_escape_bundle[/tmp/outside.xml]" time="0.001" /><testcase classname="backend.tests.test_prepared_system" name="test_parameter_paths_cannot_escape_bundle[ligands/../../outside.xml]" time="0.000" /><testcase classname="backend.tests.test_prepared_system" name="test_parameter_paths_cannot_escape_bundle[ligands\\outside.xml]" time="0.000" /><testcase classname="backend.tests.test_prepared_system" name="test_parameter_paths_cannot_escape_bundle[ligands//outside.xml]" time="0.000" /><testcase classname="backend.tests.test_prepared_system" name="test_parameter_paths_cannot_escape_bundle[ligands/./outside.xml]" time="0.001" /><testcase classname="backend.tests.test_prepared_system" name="test_parameter_paths_cannot_escape_bundle[ligands/outside.json]" time="0.000" /><testcase classname="backend.tests.test_prepared_system" name="test_parameter_xml_cannot_execute_or_include_unverified_content[&lt;Include file='outside.xml'/&gt;]" time="0.001" /><testcase classname="backend.tests.test_prepared_system" name="test_parameter_xml_cannot_execute_or_include_unverified_content[&lt;Script&gt;raise RuntimeError('should not run')&lt;/Script&gt;]" time="0.001" /><testcase classname="backend.tests.test_prepared_system" name="test_parameter_xml_cannot_execute_or_include_unverified_content[&lt;InitializationScript&gt;print('should not run')&lt;/InitializationScript&gt;]" time="0.001" /><testcase classname="backend.tests.test_prepared_system" name="test_parameter_archive_symlinks_are_rejected" time="0.001" /><testcase classname="backend.tests.test_prepared_system" name="test_missing_bundle_and_implicit_ligand_model_fail_clearly" time="0.001" /><testcase classname="backend.tests.test_prepared_system" name="test_real_solvation_job_and_output_preserve_parameter_bundle" time="7.619" /><testcase classname="backend.tests.test_modified_residues" name="test_native_amber_parameters_energy_forces_and_atom_order[HYP]" time="0.025" /><testcase classname="backend.tests.test_modified_residues" name="test_native_amber_parameters_energy_forces_and_atom_order[PTR]" time="0.021" /><testcase classname="backend.tests.test_modified_residues" name="test_native_amber_parameters_energy_forces_and_atom_order[SEP]" time="0.020" /><testcase classname="backend.tests.test_modified_residues" name="test_native_amber_parameters_energy_forces_and_atom_order[TPO]" time="0.056" /><testcase classname="backend.tests.test_modified_residues" name="test_repairs_modified_heavy_atom_and_adds_fixed_hydrogens[SEP-O3P]" time="0.050" /><testcase classname="backend.tests.test_modified_residues" name="test_repairs_modified_heavy_atom_and_adds_fixed_hydrogens[TPO-O3P]" time="0.033" /><testcase classname="backend.tests.test_modified_residues" name="test_repairs_modified_heavy_atom_and_adds_fixed_hydrogens[PTR-O3P]" time="0.034" /><testcase classname="backend.tests.test_modified_residues" name="test_repairs_modified_heavy_atom_and_adds_fixed_hydrogens[HYP-OD1]" time="0.063" /><testcase classname="backend.tests.test_modified_residues" name="test_inspection_is_explicit_about_fixed_states_terminal_support_and_insertion_codes" time="0.000" /><testcase classname="backend.tests.test_modified_residues" name="test_tpo_and_hyp_secondary_stereocenters_are_checked" time="0.001" /><testcase classname="backend.tests.test_modified_residues" name="test_vendor_sources_and_generated_xml_are_reproducible" time="0.008" /><testcase classname="backend.tests.test_workspaces" name="test_autosave_restores_complete_scene_and_detects_changed_atom_order" time="0.002" /><testcase classname="backend.tests.test_workspaces" name="test_rejects_invalid_or_mismatched_saved_state[change0]" time="0.001" /><testcase classname="backend.tests.test_workspaces" name="test_rejects_invalid_or_mismatched_saved_state[change1]" time="0.001" /><testcase classname="backend.tests.test_workspaces" name="test_rejects_invalid_or_mismatched_saved_state[change2]" time="0.001" /><testcase classname="backend.tests.test_workspaces" name="test_rejects_invalid_or_mismatched_saved_state[change3]" time="0.001" /><testcase classname="backend.tests.test_workspaces" name="test_rejects_invalid_or_mismatched_saved_state[change4]" time="0.001" /><testcase classname="backend.tests.test_workspaces" name="test_rejects_invalid_or_mismatched_saved_state[change5]" time="0.001" /><testcase classname="backend.tests.test_workspaces" name="test_rejects_invalid_or_mismatched_saved_state[change6]" time="0.001" /><testcase classname="backend.tests.test_workspaces" name="test_named_project_is_a_snapshot_not_changed_by_autosave" time="0.003" /><testcase classname="backend.tests.test_workspaces" name="test_autosave_rejects_changed_physical_coordinates_even_with_identical_atoms" time="0.002" /><testcase classname="backend.tests.test_workspaces" name="test_structural_analysis_settings_and_layout_are_saved_without_large_result_arrays" time="0.002" /><testcase classname="backend.tests.test_workspaces" name="test_corrupt_current_or_project_record_does_not_hide_the_remaining_library" time="0.003" /><testcase classname="backend.tests.test_workspaces" name="test_real_tpo_parameter_bundle_remains_loadable_after_portable_import" time="0.041" /><testcase classname="backend.tests.test_workspaces" name="test_archive_export_import_preserves_sources_parameters_and_run_provenance" time="0.021" /><testcase classname="backend.tests.test_workspaces" name="test_backup_requires_ancestry_and_refuses_conflicting_existing_files" time="0.010" /><testcase classname="backend.tests.test_workspaces" name="test_backup_refuses_active_related_job" time="0.002" /><testcase classname="backend.tests.test_workspaces" name="test_import_rejects_corrupt_and_unsafe_archives_without_partial_writes[traversal]" time="0.004" /><testcase classname="backend.tests.test_workspaces" name="test_import_rejects_corrupt_and_unsafe_archives_without_partial_writes[checksum]" time="0.003" /><testcase classname="backend.tests.test_workspaces" name="test_import_rejects_corrupt_and_unsafe_archives_without_partial_writes[coordinate-count]" time="0.004" /><testcase classname="backend.tests.test_workspaces" name="test_import_rejects_corrupt_and_unsafe_archives_without_partial_writes[atom-order]" time="0.008" /><testcase classname="backend.tests.test_workspaces" name="test_import_rejects_corrupt_and_unsafe_archives_without_partial_writes[remote-url]" time="0.008" /><testcase classname="backend.tests.test_workspaces" name="test_import_rejects_corrupt_and_unsafe_archives_without_partial_writes[executable-xml]" time="0.004" /><testcase classname="backend.tests.test_workspaces" name="test_import_rejects_symlink" time="0.003" /><testcase classname="backend.tests.test_workspaces" name="test_import_rejects_case_collisions_and_archive_expansion" time="0.003" /><testcase classname="backend.tests.test_workspaces" name="test_import_rejects_nested_npz_bomb" time="0.008" /><testcase classname="backend.tests.test_workspaces" name="test_import_checks_npy_shapes_before_numpy_can_allocate" time="0.008" /><testcase classname="backend.tests.test_workspaces" name="test_library_rename_archive_trash_restore_and_protection" time="0.004" /><testcase classname="backend.tests.test_workspaces" name="test_current_workspace_and_job_sources_cannot_be_trashed" time="0.002" /><testcase classname="backend.tests.test_workspaces" name="test_router_json_download_and_multipart_import_roundtrip" time="0.018" /></testsuite></testsuites>